!SESSION 2017-12-15 15:22:16.875 -----------------------------------------------
eclipse.buildId=M20120914-1800
java.version=9.0.1
java.vendor=Oracle Corporation
BootLoader constants: OS=win32, ARCH=x86_64, WS=win32, NL=en_US
Framework arguments:  -product org.eclipse.epp.package.jee.product
Command-line arguments:  -os win32 -ws win32 -arch x86_64 -clean -product org.eclipse.epp.package.jee.product

!ENTRY org.eclipse.equinox.common 4 0 2017-12-15 15:22:18.390
!MESSAGE FrameworkEvent ERROR
!STACK 0
org.osgi.framework.BundleException: The bundle "org.eclipse.equinox.common_3.6.100.v20120522-1841 [1]" could not be resolved. Reason: Missing Constraint: Bundle-RequiredExecutionEnvironment: CDC-1.1/Foundation-1.1,J2SE-1.4
	at org.eclipse.osgi.framework.internal.core.AbstractBundle.getResolverError(AbstractBundle.java:1332)
	at org.eclipse.osgi.framework.internal.core.AbstractBundle.getResolutionFailureException(AbstractBundle.java:1316)
	at org.eclipse.osgi.framework.internal.core.BundleHost.startWorker(BundleHost.java:323)
	at org.eclipse.osgi.framework.internal.core.AbstractBundle.resume(AbstractBundle.java:390)
	at org.eclipse.osgi.framework.internal.core.Framework.resumeBundle(Framework.java:1176)
	at org.eclipse.osgi.framework.internal.core.StartLevelManager.resumeBundles(StartLevelManager.java:559)
	at org.eclipse.osgi.framework.internal.core.StartLevelManager.resumeBundles(StartLevelManager.java:544)
	at org.eclipse.osgi.framework.internal.core.StartLevelManager.incFWSL(StartLevelManager.java:457)
	at org.eclipse.osgi.framework.internal.core.StartLevelManager.doSetStartLevel(StartLevelManager.java:243)
	at org.eclipse.osgi.framework.internal.core.StartLevelManager.dispatchEvent(StartLevelManager.java:438)
	at org.eclipse.osgi.framework.internal.core.StartLevelManager.dispatchEvent(StartLevelManager.java:1)
	at org.eclipse.osgi.framework.eventmgr.EventManager.dispatchEvent(EventManager.java:230)
	at org.eclipse.osgi.framework.eventmgr.EventManager$EventThread.run(EventManager.java:340)

!ENTRY org.eclipse.update.configurator 4 0 2017-12-15 15:22:18.393
!MESSAGE FrameworkEvent ERROR
!STACK 0
org.osgi.framework.BundleException: The bundle "org.eclipse.update.configurator_3.3.200.v20120523-1752 [2]" could not be resolved. Reason: Missing Constraint: Bundle-RequiredExecutionEnvironment: J2SE-1.4,CDC-1.0/Foundation-1.0,J2SE-1.3
	at org.eclipse.osgi.framework.internal.core.AbstractBundle.getResolverError(AbstractBundle.java:1332)
	at org.eclipse.osgi.framework.internal.core.AbstractBundle.getResolutionFailureException(AbstractBundle.java:1316)
	at org.eclipse.osgi.framework.internal.core.BundleHost.startWorker(BundleHost.java:323)
	at org.eclipse.osgi.framework.internal.core.AbstractBundle.resume(AbstractBundle.java:390)
	at org.eclipse.osgi.framework.internal.core.Framework.resumeBundle(Framework.java:1176)
	at org.eclipse.osgi.framework.internal.core.StartLevelManager.resumeBundles(StartLevelManager.java:559)
	at org.eclipse.osgi.framework.internal.core.StartLevelManager.resumeBundles(StartLevelManager.java:544)
	at org.eclipse.osgi.framework.internal.core.StartLevelManager.incFWSL(StartLevelManager.java:457)
	at org.eclipse.osgi.framework.internal.core.StartLevelManager.doSetStartLevel(StartLevelManager.java:243)
	at org.eclipse.osgi.framework.internal.core.StartLevelManager.dispatchEvent(StartLevelManager.java:438)
	at org.eclipse.osgi.framework.internal.core.StartLevelManager.dispatchEvent(StartLevelManager.java:1)
	at org.eclipse.osgi.framework.eventmgr.EventManager.dispatchEvent(EventManager.java:230)
	at org.eclipse.osgi.framework.eventmgr.EventManager$EventThread.run(EventManager.java:340)

!ENTRY org.eclipse.core.runtime 4 0 2017-12-15 15:22:18.394
!MESSAGE FrameworkEvent ERROR
!STACK 0
org.osgi.framework.BundleException: The bundle "org.eclipse.core.runtime_3.8.0.v20120521-2346 [3]" could not be resolved. Reason: Missing Constraint: Bundle-RequiredExecutionEnvironment: CDC-1.0/Foundation-1.0,J2SE-1.3
	at org.eclipse.osgi.framework.internal.core.AbstractBundle.getResolverError(AbstractBundle.java:1332)
	at org.eclipse.osgi.framework.internal.core.AbstractBundle.getResolutionFailureException(AbstractBundle.java:1316)
	at org.eclipse.osgi.framework.internal.core.BundleHost.startWorker(BundleHost.java:323)
	at org.eclipse.osgi.framework.internal.core.AbstractBundle.resume(AbstractBundle.java:390)
	at org.eclipse.osgi.framework.internal.core.Framework.resumeBundle(Framework.java:1176)
	at org.eclipse.osgi.framework.internal.core.StartLevelManager.resumeBundles(StartLevelManager.java:559)
	at org.eclipse.osgi.framework.internal.core.StartLevelManager.resumeBundles(StartLevelManager.java:544)
	at org.eclipse.osgi.framework.internal.core.StartLevelManager.incFWSL(StartLevelManager.java:457)
	at org.eclipse.osgi.framework.internal.core.StartLevelManager.doSetStartLevel(StartLevelManager.java:243)
	at org.eclipse.osgi.framework.internal.core.StartLevelManager.dispatchEvent(StartLevelManager.java:438)
	at org.eclipse.osgi.framework.internal.core.StartLevelManager.dispatchEvent(StartLevelManager.java:1)
	at org.eclipse.osgi.framework.eventmgr.EventManager.dispatchEvent(EventManager.java:230)
	at org.eclipse.osgi.framework.eventmgr.EventManager$EventThread.run(EventManager.java:340)

!ENTRY org.eclipse.osgi 4 0 2017-12-15 15:22:18.399
!MESSAGE Bundle initial@reference:file:plugins/org.eclipse.equinox.common_3.6.100.v20120522-1841.jar was not resolved.

!ENTRY org.eclipse.osgi 4 0 2017-12-15 15:22:18.400
!MESSAGE Bundle initial@reference:file:plugins/org.eclipse.update.configurator_3.3.200.v20120523-1752.jar was not resolved.

!ENTRY org.eclipse.osgi 4 0 2017-12-15 15:22:18.402
!MESSAGE Bundle initial@reference:file:plugins/org.eclipse.core.runtime_3.8.0.v20120521-2346.jar was not resolved.

!ENTRY org.eclipse.osgi 2 0 2017-12-15 15:22:18.409
!MESSAGE One or more bundles are not resolved because the following root constraints are not resolved:
!SUBENTRY 1 org.eclipse.osgi 2 0 2017-12-15 15:22:18.410
!MESSAGE Bundle initial@reference:file:plugins/org.eclipse.core.runtime_3.8.0.v20120521-2346.jar was not resolved.
!SUBENTRY 2 org.eclipse.core.runtime 2 0 2017-12-15 15:22:18.410
!MESSAGE Missing required bundle org.eclipse.equinox.app_1.0.0.
!SUBENTRY 2 org.eclipse.core.runtime 2 0 2017-12-15 15:22:18.410
!MESSAGE Missing required capability Require-Capability: osgi.ee; filter="(|(&(osgi.ee=CDC/Foundation)(version=1.0))(&(osgi.ee=JavaSE)(version=1.3)))".
!SUBENTRY 2 org.eclipse.core.runtime 2 0 2017-12-15 15:22:18.410
!MESSAGE Missing required bundle org.eclipse.core.jobs_[3.2.0,4.0.0).
!SUBENTRY 2 org.eclipse.core.runtime 2 0 2017-12-15 15:22:18.410
!MESSAGE Missing required bundle org.eclipse.equinox.registry_[3.4.0,4.0.0).
!SUBENTRY 2 org.eclipse.core.runtime 2 0 2017-12-15 15:22:18.410
!MESSAGE Missing required bundle org.eclipse.core.contenttype_[3.3.0,4.0.0).
!SUBENTRY 2 org.eclipse.core.runtime 2 0 2017-12-15 15:22:18.410
!MESSAGE Missing required bundle org.eclipse.equinox.preferences_[3.4.0,4.0.0).
!SUBENTRY 1 org.eclipse.osgi 2 0 2017-12-15 15:22:18.410
!MESSAGE Bundle initial@reference:file:plugins/org.eclipse.update.configurator_3.3.200.v20120523-1752.jar was not resolved.
!SUBENTRY 2 org.eclipse.update.configurator 2 0 2017-12-15 15:22:18.410
!MESSAGE Missing imported package org.xml.sax.helpers_0.0.0.
!SUBENTRY 2 org.eclipse.update.configurator 2 0 2017-12-15 15:22:18.410
!MESSAGE Missing imported package javax.xml.parsers_0.0.0.
!SUBENTRY 2 org.eclipse.update.configurator 2 0 2017-12-15 15:22:18.410
!MESSAGE Missing imported package org.xml.sax_0.0.0.
!SUBENTRY 2 org.eclipse.update.configurator 2 0 2017-12-15 15:22:18.410
!MESSAGE Missing imported package org.w3c.dom_0.0.0.
!SUBENTRY 2 org.eclipse.update.configurator 2 0 2017-12-15 15:22:18.410
!MESSAGE Missing required capability Require-Capability: osgi.ee; filter="(|(&(osgi.ee=JavaSE)(version=1.4))(&(osgi.ee=CDC/Foundation)(version=1.0))(&(osgi.ee=JavaSE)(version=1.3)))".
!SUBENTRY 1 org.eclipse.osgi 2 0 2017-12-15 15:22:18.410
!MESSAGE Bundle initial@reference:file:plugins/org.eclipse.equinox.common_3.6.100.v20120522-1841.jar was not resolved.
!SUBENTRY 2 org.eclipse.equinox.common 2 0 2017-12-15 15:22:18.410
!MESSAGE Missing required capability Require-Capability: osgi.ee; filter="(|(&(osgi.ee=CDC/Foundation)(version=1.1))(&(osgi.ee=JavaSE)(version=1.4)))".

!ENTRY org.eclipse.osgi 2 0 2017-12-15 15:22:18.412
!MESSAGE The following is a complete list of bundles which are not resolved, see the prior log entry for the root cause if it exists:
!SUBENTRY 1 org.eclipse.osgi 2 0 2017-12-15 15:22:18.412
!MESSAGE Bundle org.eclipse.equinox.common_3.6.100.v20120522-1841 [1] was not resolved.
!SUBENTRY 2 org.eclipse.equinox.common 2 0 2017-12-15 15:22:18.412
!MESSAGE Missing required capability Require-Capability: osgi.ee; filter="(|(&(osgi.ee=CDC/Foundation)(version=1.1))(&(osgi.ee=JavaSE)(version=1.4)))".
!SUBENTRY 1 org.eclipse.osgi 2 0 2017-12-15 15:22:18.413
!MESSAGE Bundle org.eclipse.update.configurator_3.3.200.v20120523-1752 [2] was not resolved.
!SUBENTRY 2 org.eclipse.update.configurator 2 0 2017-12-15 15:22:18.413
!MESSAGE Missing required bundle org.eclipse.equinox.common_[3.2.0,4.0.0).
!SUBENTRY 2 org.eclipse.update.configurator 2 0 2017-12-15 15:22:18.413
!MESSAGE Missing imported package javax.xml.parsers_0.0.0.
!SUBENTRY 2 org.eclipse.update.configurator 2 0 2017-12-15 15:22:18.413
!MESSAGE Missing imported package org.w3c.dom_0.0.0.
!SUBENTRY 2 org.eclipse.update.configurator 2 0 2017-12-15 15:22:18.413
!MESSAGE Missing imported package org.xml.sax_0.0.0.
!SUBENTRY 2 org.eclipse.update.configurator 2 0 2017-12-15 15:22:18.413
!MESSAGE Missing imported package org.xml.sax.helpers_0.0.0.
!SUBENTRY 2 org.eclipse.update.configurator 2 0 2017-12-15 15:22:18.413
!MESSAGE Missing required capability Require-Capability: osgi.ee; filter="(|(&(osgi.ee=JavaSE)(version=1.4))(&(osgi.ee=CDC/Foundation)(version=1.0))(&(osgi.ee=JavaSE)(version=1.3)))".
!SUBENTRY 1 org.eclipse.osgi 2 0 2017-12-15 15:22:18.413
!MESSAGE Bundle org.eclipse.core.runtime_3.8.0.v20120521-2346 [3] was not resolved.
!SUBENTRY 2 org.eclipse.core.runtime 2 0 2017-12-15 15:22:18.413
!MESSAGE Missing required bundle org.eclipse.equinox.common_[3.6.100,4.0.0).
!SUBENTRY 2 org.eclipse.core.runtime 2 0 2017-12-15 15:22:18.413
!MESSAGE Missing required bundle org.eclipse.core.jobs_[3.2.0,4.0.0).
!SUBENTRY 2 org.eclipse.core.runtime 2 0 2017-12-15 15:22:18.413
!MESSAGE Missing required bundle org.eclipse.equinox.registry_[3.4.0,4.0.0).
!SUBENTRY 2 org.eclipse.core.runtime 2 0 2017-12-15 15:22:18.413
!MESSAGE Missing required bundle org.eclipse.equinox.preferences_[3.4.0,4.0.0).
!SUBENTRY 2 org.eclipse.core.runtime 2 0 2017-12-15 15:22:18.413
!MESSAGE Missing required bundle org.eclipse.core.contenttype_[3.3.0,4.0.0).
!SUBENTRY 2 org.eclipse.core.runtime 2 0 2017-12-15 15:22:18.413
!MESSAGE Missing optionally required bundle org.eclipse.core.runtime.compatibility.auth_[3.2.0,4.0.0).
!SUBENTRY 2 org.eclipse.core.runtime 2 0 2017-12-15 15:22:18.413
!MESSAGE Missing required bundle org.eclipse.equinox.app_1.0.0.
!SUBENTRY 2 org.eclipse.core.runtime 2 0 2017-12-15 15:22:18.413
!MESSAGE Missing dynamically imported package org.eclipse.core.internal.runtime.auth_0.0.0.
!SUBENTRY 2 org.eclipse.core.runtime 2 0 2017-12-15 15:22:18.413
!MESSAGE Missing required capability Require-Capability: osgi.ee; filter="(|(&(osgi.ee=CDC/Foundation)(version=1.0))(&(osgi.ee=JavaSE)(version=1.3)))".

!ENTRY org.eclipse.osgi 4 0 2017-12-15 15:22:18.416
!MESSAGE Application error
!STACK 1
java.lang.IllegalStateException: Unable to acquire application service. Ensure that the org.eclipse.core.runtime bundle is resolved and started (see config.ini).
	at org.eclipse.core.runtime.internal.adaptor.EclipseAppLauncher.start(EclipseAppLauncher.java:74)
	at org.eclipse.core.runtime.adaptor.EclipseStarter.run(EclipseStarter.java:353)
	at org.eclipse.core.runtime.adaptor.EclipseStarter.run(EclipseStarter.java:180)
	at java.base/jdk.internal.reflect.NativeMethodAccessorImpl.invoke0(Native Method)
	at java.base/jdk.internal.reflect.NativeMethodAccessorImpl.invoke(Unknown Source)
	at java.base/jdk.internal.reflect.DelegatingMethodAccessorImpl.invoke(Unknown Source)
	at java.base/java.lang.reflect.Method.invoke(Unknown Source)
	at org.eclipse.equinox.launcher.Main.invokeFramework(Main.java:629)
	at org.eclipse.equinox.launcher.Main.basicRun(Main.java:584)
	at org.eclipse.equinox.launcher.Main.run(Main.java:1438)
	at org.eclipse.equinox.launcher.Main.main(Main.java:1414)
