2014-04-22 14:45:41,741 INFO  [Log] **************************************************************************************** 
2014-04-22 14:45:41,742 INFO  [Log] **************************************************************************************** 
2014-04-22 14:45:41,742 INFO  [Log] $$$$$$$$$$$$$$$$$$$$$                 Framework_001       $$$$$$$$$$$$$$$$$$$$$$$$$ 
2014-04-22 14:45:41,742 INFO  [Log] **************************************************************************************** 
2014-04-22 14:45:41,743 INFO  [Log] **************************************************************************************** 
2014-04-22 14:45:42,302 INFO  [Log] Excel sheet opened 
2014-04-22 14:45:42,302 INFO  [Log] Total number of Row used return as < 2 >. 
2014-04-22 14:45:59,257 INFO  [Log] New driver instantiated 
2014-04-22 14:45:59,358 INFO  [Log] Implicit wait applied on the driver for 10 seconds 
2014-04-22 14:46:12,211 INFO  [Log] Web application launched successfully 
2014-04-22 14:46:12,488 INFO  [Log] My Account link is found on the Home Page 
2014-04-22 14:46:12,588 INFO  [Log] Click action is perfromed on My Account link 
2014-04-22 14:46:17,885 INFO  [Log] Username text box is found on the Login Page 
2014-04-22 14:46:17,956 INFO  [Log] testuser_1 is entered in UserName text box 
2014-04-22 14:46:17,977 INFO  [Log] Password text box is found on the Login page 
2014-04-22 14:46:18,039 INFO  [Log] Test@123 is entered in Password text box 
2014-04-22 14:46:18,055 INFO  [Log] Submit button is found on the Login page 
2014-04-22 14:46:18,715 INFO  [Log] Click action is performed on Submit button 
2014-04-22 14:46:31,327 INFO  [Log] Log Out link is found on the Home Page 
2014-04-22 14:46:31,574 INFO  [Log] Product category link is found under Top Navigation 
2014-04-22 14:46:31,927 INFO  [Log] Accessories link is found under Product Category 
2014-04-22 14:46:32,006 INFO  [Log] Click action is performed on the selected Product Type 
2014-04-22 14:46:32,007 INFO  [Log] Product Type Accessories is selected from the Top menu 
2014-04-22 14:46:37,285 INFO  [Log] Add to Cart button is found for Product 2 
2014-04-22 14:46:37,458 INFO  [Log] Product 2 is selected from the Product listing page 
2014-04-22 14:46:38,517 INFO  [Log] Go to Cart button is found on the Cart Pop Up window 
2014-04-22 14:46:41,771 INFO  [Log] Product Name for purchased product is found on the Check Out Page 
2014-04-22 14:46:41,824 INFO  [Log] Product Price for purchased product is found on the Check Out Page 
2014-04-22 14:46:41,860 INFO  [Log] Continue button is found on the Check Out Page 
2014-04-22 14:46:41,957 INFO  [Log] Email text box on Payment Details page is found. 
2014-04-22 14:46:43,029 INFO  [Log] Email text box on Payment Details page is found. 
2014-04-22 14:46:43,108 INFO  [Log] tooolsqa@gmail.com is entered as First Name on the Payment detail page 
2014-04-22 14:46:43,126 INFO  [Log] First Name text box on Payment Details page is found. 
2014-04-22 14:46:43,201 INFO  [Log] First Name text box on Payment Details page is found. 
2014-04-22 14:46:43,356 INFO  [Log] Lakshay is entered as First Name on the Payment detail page 
2014-04-22 14:46:43,366 INFO  [Log] Last Name text box on Payment Details page is found. 
2014-04-22 14:46:43,453 INFO  [Log] Last Name text box on Payment Details page is found. 
2014-04-22 14:46:43,560 INFO  [Log] Sharma is entered as Last Name on the Payment detail page 
2014-04-22 14:46:43,568 INFO  [Log] Address text box on Payment Details page is found. 
2014-04-22 14:46:43,756 INFO  [Log] Address text box on Payment Details page is found. 
2014-04-22 14:46:44,151 INFO  [Log] 35, Marconi House, Walker Road is entered as Address on the Payment detail page 
2014-04-22 14:46:44,162 INFO  [Log] City text box on Payment Details page is found. 
2014-04-22 14:46:44,244 INFO  [Log] City text box on Payment Details page is found. 
2014-04-22 14:46:44,393 INFO  [Log] Newcastle is entered as City on the Payment detail page 
2014-04-22 14:46:44,509 INFO  [Log] Country dropdown on Payment Details page is found. 
2014-04-22 14:46:44,570 INFO  [Log] United Kingdom is Selected as Country on the Payment detail page 
2014-04-22 14:46:44,633 INFO  [Log] Phone text box on Payment Details page is found. 
2014-04-22 14:46:44,740 INFO  [Log] Phone text box on Payment Details page is found. 
2014-04-22 14:46:44,868 INFO  [Log] 07777777777 is entered as Phone on the Payment detail page 
2014-04-22 14:46:44,876 INFO  [Log] Same as Billing address check box on Payment Details page is found. 
2014-04-22 14:46:44,890 INFO  [Log] Purchase button on Payment Details page is found. 
2014-04-22 14:46:47,948 INFO  [Log] Click action is performed on Purchase button on the Payment detail page 
2014-04-22 14:46:47,959 INFO  [Log] Product name is found on the Confirmation Page 
2014-04-22 14:46:47,985 INFO  [Log] Product price is found on the Confirmation Page 
2014-04-22 14:46:48,185 INFO  [Log] XXXXXXXXXXXXXXXXXXXXXXX             -E---N---D-             XXXXXXXXXXXXXXXXXXXXXX 
2014-04-22 14:46:48,185 INFO  [Log] X 
2014-04-22 14:46:48,185 INFO  [Log] X 
2014-04-22 14:46:48,186 INFO  [Log] X 
2014-04-22 14:46:48,186 INFO  [Log] X 
2014-04-22 17:32:40,212 INFO  [Log] New driver instantiated 
2014-04-22 17:32:40,227 INFO  [Log] Implicit wait applied on the driver for 10 seconds 
2014-04-22 17:32:58,881 INFO  [Log] Web application launched 
2014-04-22 17:32:59,000 INFO  [Log] Click action performed on My Account link 
2014-04-22 17:35:15,781 INFO  [Log] New driver instantiated 
2014-04-22 17:35:15,799 INFO  [Log] Implicit wait applied on the driver for 10 seconds 
2014-04-22 17:35:33,430 INFO  [Log] Web application launched 
2014-04-22 17:35:33,539 INFO  [Log] Click action performed on My Account link 
2014-04-22 17:47:58,080 INFO  [Log] New driver instantiated 
2014-04-22 17:47:58,101 INFO  [Log] Implicit wait applied on the driver for 10 seconds 
2014-04-22 17:48:15,116 INFO  [Log] Web application launched 
2014-04-22 17:48:36,220 INFO  [Log] Click action performed on My Account link 
2014-04-22 17:48:37,787 INFO  [Log] Username entered in the Username text box 
2014-04-22 17:48:37,877 INFO  [Log] Password entered in the Password text box 
2014-04-22 17:48:38,576 INFO  [Log] Click action performed on Submit button 
2014-04-22 17:48:45,875 INFO  [Log] Click action performed on Log out link 
2014-04-22 17:48:46,110 INFO  [Log] Browser closed 
2018-06-24 13:51:07,172 INFO  [Log] **************************************************************************************** 
2018-06-24 13:51:07,173 INFO  [Log] **************************************************************************************** 
2018-06-24 13:51:07,173 INFO  [Log] $$$$$$$$$$$$$$$$$$$$$                 Framework_001       $$$$$$$$$$$$$$$$$$$$$$$$$ 
2018-06-24 13:51:07,173 INFO  [Log] **************************************************************************************** 
2018-06-24 13:51:07,173 INFO  [Log] **************************************************************************************** 
2018-06-24 14:02:17,234 INFO  [Log] **************************************************************************************** 
2018-06-24 14:02:17,235 INFO  [Log] **************************************************************************************** 
2018-06-24 14:02:17,235 INFO  [Log] $$$$$$$$$$$$$$$$$$$$$                 Framework_001       $$$$$$$$$$$$$$$$$$$$$$$$$ 
2018-06-24 14:02:17,235 INFO  [Log] **************************************************************************************** 
2018-06-24 14:02:17,235 INFO  [Log] **************************************************************************************** 
2018-06-24 14:03:05,587 INFO  [Log] **************************************************************************************** 
2018-06-24 14:03:05,588 INFO  [Log] **************************************************************************************** 
2018-06-24 14:03:05,588 INFO  [Log] $$$$$$$$$$$$$$$$$$$$$                 Framework_001       $$$$$$$$$$$$$$$$$$$$$$$$$ 
2018-06-24 14:03:05,588 INFO  [Log] **************************************************************************************** 
2018-06-24 14:03:05,588 INFO  [Log] **************************************************************************************** 
2018-06-24 14:05:39,070 INFO  [Log] **************************************************************************************** 
2018-06-24 14:05:39,071 INFO  [Log] **************************************************************************************** 
2018-06-24 14:05:39,071 INFO  [Log] $$$$$$$$$$$$$$$$$$$$$                 Framework_001       $$$$$$$$$$$$$$$$$$$$$$$$$ 
2018-06-24 14:05:39,071 INFO  [Log] **************************************************************************************** 
2018-06-24 14:05:39,071 INFO  [Log] **************************************************************************************** 
2018-06-24 14:06:49,799 INFO  [Log] **************************************************************************************** 
2018-06-24 14:06:52,077 INFO  [Log] **************************************************************************************** 
2018-06-24 14:06:52,852 INFO  [Log] $$$$$$$$$$$$$$$$$$$$$                 Framework_001       $$$$$$$$$$$$$$$$$$$$$$$$$ 
2018-06-24 14:06:53,500 INFO  [Log] **************************************************************************************** 
2018-06-24 14:06:54,430 INFO  [Log] **************************************************************************************** 
2018-06-24 14:07:34,896 INFO  [Log] **************************************************************************************** 
2018-06-24 14:07:34,897 INFO  [Log] **************************************************************************************** 
2018-06-24 14:07:34,897 INFO  [Log] $$$$$$$$$$$$$$$$$$$$$                 Framework_001       $$$$$$$$$$$$$$$$$$$$$$$$$ 
2018-06-24 14:07:34,897 INFO  [Log] **************************************************************************************** 
2018-06-24 14:07:34,897 INFO  [Log] **************************************************************************************** 
2018-06-24 14:10:05,794 INFO  [Log] **************************************************************************************** 
2018-06-24 14:10:05,794 INFO  [Log] **************************************************************************************** 
2018-06-24 14:10:05,794 INFO  [Log] $$$$$$$$$$$$$$$$$$$$$                 Framework_001       $$$$$$$$$$$$$$$$$$$$$$$$$ 
2018-06-24 14:10:05,794 INFO  [Log] **************************************************************************************** 
2018-06-24 14:10:05,794 INFO  [Log] **************************************************************************************** 
2018-06-24 14:10:56,982 INFO  [Log] **************************************************************************************** 
2018-06-24 14:10:56,983 INFO  [Log] **************************************************************************************** 
2018-06-24 14:10:56,983 INFO  [Log] $$$$$$$$$$$$$$$$$$$$$                 Framework_001       $$$$$$$$$$$$$$$$$$$$$$$$$ 
2018-06-24 14:10:56,983 INFO  [Log] **************************************************************************************** 
2018-06-24 14:10:56,983 INFO  [Log] **************************************************************************************** 
2018-06-24 14:11:51,325 INFO  [Log] **************************************************************************************** 
2018-06-24 14:11:51,325 INFO  [Log] **************************************************************************************** 
2018-06-24 14:11:51,325 INFO  [Log] $$$$$$$$$$$$$$$$$$$$$                 Framework_001       $$$$$$$$$$$$$$$$$$$$$$$$$ 
2018-06-24 14:11:51,325 INFO  [Log] **************************************************************************************** 
2018-06-24 14:11:51,325 INFO  [Log] **************************************************************************************** 
2018-06-24 14:14:14,237 INFO  [Log] **************************************************************************************** 
2018-06-24 14:14:14,238 INFO  [Log] **************************************************************************************** 
2018-06-24 14:14:14,240 INFO  [Log] $$$$$$$$$$$$$$$$$$$$$                 Framework_001       $$$$$$$$$$$$$$$$$$$$$$$$$ 
2018-06-24 14:14:14,241 INFO  [Log] **************************************************************************************** 
2018-06-24 14:14:14,242 INFO  [Log] **************************************************************************************** 
2018-06-24 14:30:12,424 INFO  [Log] **************************************************************************************** 
2018-06-24 14:30:12,424 INFO  [Log] **************************************************************************************** 
2018-06-24 14:30:12,424 INFO  [Log] $$$$$$$$$$$$$$$$$$$$$                 Framework_001       $$$$$$$$$$$$$$$$$$$$$$$$$ 
2018-06-24 14:30:12,425 INFO  [Log] **************************************************************************************** 
2018-06-24 14:30:12,425 INFO  [Log] **************************************************************************************** 
2018-06-24 14:32:09,466 INFO  [Log] **************************************************************************************** 
2018-06-24 14:32:09,467 INFO  [Log] **************************************************************************************** 
2018-06-24 14:32:09,467 INFO  [Log] $$$$$$$$$$$$$$$$$$$$$                 Framework_001       $$$$$$$$$$$$$$$$$$$$$$$$$ 
2018-06-24 14:32:09,467 INFO  [Log] **************************************************************************************** 
2018-06-24 14:32:09,467 INFO  [Log] **************************************************************************************** 
2018-06-24 14:38:17,037 INFO  [Log] **************************************************************************************** 
2018-06-24 14:38:17,038 INFO  [Log] **************************************************************************************** 
2018-06-24 14:38:17,038 INFO  [Log] $$$$$$$$$$$$$$$$$$$$$                 Framework_001       $$$$$$$$$$$$$$$$$$$$$$$$$ 
2018-06-24 14:38:17,038 INFO  [Log] **************************************************************************************** 
2018-06-24 14:38:17,038 INFO  [Log] **************************************************************************************** 
2018-06-24 14:41:30,718 INFO  [Log] **************************************************************************************** 
2018-06-24 14:41:30,718 INFO  [Log] **************************************************************************************** 
2018-06-24 14:41:30,718 INFO  [Log] $$$$$$$$$$$$$$$$$$$$$                 Framework_001       $$$$$$$$$$$$$$$$$$$$$$$$$ 
2018-06-24 14:41:30,718 INFO  [Log] **************************************************************************************** 
2018-06-24 14:41:30,718 INFO  [Log] **************************************************************************************** 
2018-06-24 14:42:33,794 INFO  [Log] **************************************************************************************** 
2018-06-24 14:42:33,795 INFO  [Log] **************************************************************************************** 
2018-06-24 14:42:33,795 INFO  [Log] $$$$$$$$$$$$$$$$$$$$$                 Framework_001       $$$$$$$$$$$$$$$$$$$$$$$$$ 
2018-06-24 14:42:33,795 INFO  [Log] **************************************************************************************** 
2018-06-24 14:42:33,795 INFO  [Log] **************************************************************************************** 
2018-06-24 14:43:00,994 INFO  [Log] **************************************************************************************** 
2018-06-24 14:43:00,995 INFO  [Log] **************************************************************************************** 
2018-06-24 14:43:00,995 INFO  [Log] $$$$$$$$$$$$$$$$$$$$$                 Framework_001       $$$$$$$$$$$$$$$$$$$$$$$$$ 
2018-06-24 14:43:00,995 INFO  [Log] **************************************************************************************** 
2018-06-24 14:43:00,995 INFO  [Log] **************************************************************************************** 
2018-06-24 14:44:49,226 INFO  [Log] **************************************************************************************** 
2018-06-24 14:44:49,227 INFO  [Log] **************************************************************************************** 
2018-06-24 14:44:49,227 INFO  [Log] $$$$$$$$$$$$$$$$$$$$$                 Framework_001       $$$$$$$$$$$$$$$$$$$$$$$$$ 
2018-06-24 14:44:49,227 INFO  [Log] **************************************************************************************** 
2018-06-24 14:44:49,227 INFO  [Log] **************************************************************************************** 
2018-06-24 14:45:36,465 INFO  [Log] **************************************************************************************** 
2018-06-24 14:45:36,466 INFO  [Log] **************************************************************************************** 
2018-06-24 14:45:36,466 INFO  [Log] $$$$$$$$$$$$$$$$$$$$$                 Framework_001       $$$$$$$$$$$$$$$$$$$$$$$$$ 
2018-06-24 14:45:36,466 INFO  [Log] **************************************************************************************** 
2018-06-24 14:45:36,466 INFO  [Log] **************************************************************************************** 
2018-06-24 14:46:07,931 INFO  [Log] **************************************************************************************** 
2018-06-24 14:46:07,931 INFO  [Log] **************************************************************************************** 
2018-06-24 14:46:07,931 INFO  [Log] $$$$$$$$$$$$$$$$$$$$$                 Framework_001       $$$$$$$$$$$$$$$$$$$$$$$$$ 
2018-06-24 14:46:07,932 INFO  [Log] **************************************************************************************** 
2018-06-24 14:46:07,932 INFO  [Log] **************************************************************************************** 
2018-06-24 14:46:31,823 INFO  [Log] **************************************************************************************** 
2018-06-24 14:46:31,824 INFO  [Log] **************************************************************************************** 
2018-06-24 14:46:31,824 INFO  [Log] $$$$$$$$$$$$$$$$$$$$$                 Framework_001       $$$$$$$$$$$$$$$$$$$$$$$$$ 
2018-06-24 14:46:31,824 INFO  [Log] **************************************************************************************** 
2018-06-24 14:46:31,824 INFO  [Log] **************************************************************************************** 
2018-06-24 14:46:56,873 INFO  [Log] **************************************************************************************** 
2018-06-24 14:46:56,873 INFO  [Log] **************************************************************************************** 
2018-06-24 14:46:56,873 INFO  [Log] $$$$$$$$$$$$$$$$$$$$$                 Framework_001       $$$$$$$$$$$$$$$$$$$$$$$$$ 
2018-06-24 14:46:56,873 INFO  [Log] **************************************************************************************** 
2018-06-24 14:46:56,874 INFO  [Log] **************************************************************************************** 
2018-06-24 14:47:36,005 INFO  [Log] **************************************************************************************** 
2018-06-24 14:47:36,005 INFO  [Log] **************************************************************************************** 
2018-06-24 14:47:36,005 INFO  [Log] $$$$$$$$$$$$$$$$$$$$$                 Framework_001       $$$$$$$$$$$$$$$$$$$$$$$$$ 
2018-06-24 14:47:36,005 INFO  [Log] **************************************************************************************** 
2018-06-24 14:47:36,005 INFO  [Log] **************************************************************************************** 
2018-06-24 14:48:04,229 INFO  [Log] **************************************************************************************** 
2018-06-24 14:48:04,230 INFO  [Log] **************************************************************************************** 
2018-06-24 14:48:04,230 INFO  [Log] $$$$$$$$$$$$$$$$$$$$$                 Framework_001       $$$$$$$$$$$$$$$$$$$$$$$$$ 
2018-06-24 14:48:04,230 INFO  [Log] **************************************************************************************** 
2018-06-24 14:48:04,230 INFO  [Log] **************************************************************************************** 
2018-06-24 14:50:46,552 INFO  [Log] **************************************************************************************** 
2018-06-24 14:50:46,552 INFO  [Log] **************************************************************************************** 
2018-06-24 14:50:46,553 INFO  [Log] $$$$$$$$$$$$$$$$$$$$$                 Framework_001       $$$$$$$$$$$$$$$$$$$$$$$$$ 
2018-06-24 14:50:46,553 INFO  [Log] **************************************************************************************** 
2018-06-24 14:50:46,553 INFO  [Log] **************************************************************************************** 
2018-06-24 14:57:17,062 INFO  [Log] **************************************************************************************** 
2018-06-24 14:57:17,063 INFO  [Log] **************************************************************************************** 
2018-06-24 14:57:17,063 INFO  [Log] $$$$$$$$$$$$$$$$$$$$$                 Framework_001       $$$$$$$$$$$$$$$$$$$$$$$$$ 
2018-06-24 14:57:17,063 INFO  [Log] **************************************************************************************** 
2018-06-24 14:57:17,063 INFO  [Log] **************************************************************************************** 
2018-06-24 14:58:40,594 INFO  [Log] **************************************************************************************** 
2018-06-24 14:58:40,594 INFO  [Log] **************************************************************************************** 
2018-06-24 14:58:40,594 INFO  [Log] $$$$$$$$$$$$$$$$$$$$$                 Framework_001       $$$$$$$$$$$$$$$$$$$$$$$$$ 
2018-06-24 14:58:40,594 INFO  [Log] **************************************************************************************** 
2018-06-24 14:58:40,594 INFO  [Log] **************************************************************************************** 
2018-06-24 15:00:23,078 INFO  [Log] **************************************************************************************** 
2018-06-24 15:00:23,079 INFO  [Log] **************************************************************************************** 
2018-06-24 15:00:23,079 INFO  [Log] $$$$$$$$$$$$$$$$$$$$$                 Framework_001       $$$$$$$$$$$$$$$$$$$$$$$$$ 
2018-06-24 15:00:23,079 INFO  [Log] **************************************************************************************** 
2018-06-24 15:00:23,079 INFO  [Log] **************************************************************************************** 
2018-06-24 15:12:47,785 INFO  [Log] **************************************************************************************** 
2018-06-24 15:12:47,786 INFO  [Log] **************************************************************************************** 
2018-06-24 15:12:47,786 INFO  [Log] $$$$$$$$$$$$$$$$$$$$$                 Framework_001       $$$$$$$$$$$$$$$$$$$$$$$$$ 
2018-06-24 15:12:47,786 INFO  [Log] **************************************************************************************** 
2018-06-24 15:12:47,786 INFO  [Log] **************************************************************************************** 
2018-06-24 15:13:36,480 INFO  [Log] **************************************************************************************** 
2018-06-24 15:13:36,480 INFO  [Log] **************************************************************************************** 
2018-06-24 15:13:36,480 INFO  [Log] $$$$$$$$$$$$$$$$$$$$$                 Framework_001       $$$$$$$$$$$$$$$$$$$$$$$$$ 
2018-06-24 15:13:36,481 INFO  [Log] **************************************************************************************** 
2018-06-24 15:13:36,481 INFO  [Log] **************************************************************************************** 
2018-06-24 15:14:38,256 INFO  [Log] **************************************************************************************** 
2018-06-24 15:14:38,256 INFO  [Log] **************************************************************************************** 
2018-06-24 15:14:38,256 INFO  [Log] $$$$$$$$$$$$$$$$$$$$$                 Framework_001       $$$$$$$$$$$$$$$$$$$$$$$$$ 
2018-06-24 15:14:38,256 INFO  [Log] **************************************************************************************** 
2018-06-24 15:14:38,256 INFO  [Log] **************************************************************************************** 
