2018-06-24 10:23:10,041 INFO  [Log] **************************************************************************************** 
2018-06-24 10:23:10,042 INFO  [Log] **************************************************************************************** 
2018-06-24 10:23:10,042 INFO  [Log] $$$$$$$$$$$$$$$$$$$$$                 LogIn_01       $$$$$$$$$$$$$$$$$$$$$$$$$ 
2018-06-24 10:23:10,042 INFO  [Log] **************************************************************************************** 
2018-06-24 10:23:10,042 INFO  [Log] **************************************************************************************** 
2018-06-24 10:23:10,045 ERROR [Log] Class Utils | Method getCellData | Exception desc : null 
2018-06-24 10:23:10,046 INFO  [Log] Opening Browser 
2018-06-24 10:23:10,047 INFO  [Log] Not able to open the Browser --- null 
2018-06-24 10:23:10,293 INFO  [Log] Closing the browser 
2018-06-24 10:23:10,293 ERROR [Log] Not able to Close the Browser --- null 
2018-06-24 10:23:10,384 INFO  [Log] XXXXXXXXXXXXXXXXXXXXXXX             -E---N---D-             XXXXXXXXXXXXXXXXXXXXXX 
2018-06-24 10:23:10,385 INFO  [Log] X 
2018-06-24 10:23:10,385 INFO  [Log] X 
2018-06-24 10:23:10,385 INFO  [Log] X 
2018-06-24 10:23:10,385 INFO  [Log] X 
2018-06-24 10:23:26,971 INFO  [Log] **************************************************************************************** 
2018-06-24 10:23:26,972 INFO  [Log] **************************************************************************************** 
2018-06-24 10:23:26,972 INFO  [Log] $$$$$$$$$$$$$$$$$$$$$                 LogIn_01       $$$$$$$$$$$$$$$$$$$$$$$$$ 
2018-06-24 10:23:26,972 INFO  [Log] **************************************************************************************** 
2018-06-24 10:23:26,972 INFO  [Log] **************************************************************************************** 
2018-06-24 10:23:26,973 ERROR [Log] Class Utils | Method getCellData | Exception desc : null 
2018-06-24 10:23:26,975 INFO  [Log] Opening Browser 
2018-06-24 10:23:26,975 INFO  [Log] Not able to open the Browser --- null 
2018-06-24 10:23:27,130 INFO  [Log] Closing the browser 
2018-06-24 10:23:27,130 ERROR [Log] Not able to Close the Browser --- null 
2018-06-24 10:23:27,231 INFO  [Log] XXXXXXXXXXXXXXXXXXXXXXX             -E---N---D-             XXXXXXXXXXXXXXXXXXXXXX 
2018-06-24 10:23:27,231 INFO  [Log] X 
2018-06-24 10:23:27,231 INFO  [Log] X 
2018-06-24 10:23:27,231 INFO  [Log] X 
2018-06-24 10:23:27,231 INFO  [Log] X 
2018-06-24 10:23:49,540 INFO  [Log] **************************************************************************************** 
2018-06-24 10:23:49,540 INFO  [Log] **************************************************************************************** 
2018-06-24 10:23:49,540 INFO  [Log] $$$$$$$$$$$$$$$$$$$$$                 LogIn_01       $$$$$$$$$$$$$$$$$$$$$$$$$ 
2018-06-24 10:23:49,540 INFO  [Log] **************************************************************************************** 
2018-06-24 10:23:49,541 INFO  [Log] **************************************************************************************** 
2018-06-24 10:23:49,542 ERROR [Log] Class Utils | Method getCellData | Exception desc : null 
2018-06-24 10:24:39,665 INFO  [Log] Opening Browser 
2018-06-24 10:24:39,666 INFO  [Log] Not able to open the Browser --- null 
2018-06-24 10:24:42,171 INFO  [Log] Closing the browser 
2018-06-24 10:24:42,172 ERROR [Log] Not able to Close the Browser --- null 
2018-06-24 10:25:21,182 INFO  [Log] **************************************************************************************** 
2018-06-24 10:25:21,183 INFO  [Log] **************************************************************************************** 
2018-06-24 10:25:21,183 INFO  [Log] $$$$$$$$$$$$$$$$$$$$$                 LogIn_01       $$$$$$$$$$$$$$$$$$$$$$$$$ 
2018-06-24 10:25:21,183 INFO  [Log] **************************************************************************************** 
2018-06-24 10:25:21,183 INFO  [Log] **************************************************************************************** 
2018-06-24 10:25:21,185 ERROR [Log] Class Utils | Method getCellData | Exception desc : null 
2018-06-24 10:25:28,714 INFO  [Log] Opening Browser 
2018-06-24 10:25:28,715 INFO  [Log] Not able to open the Browser --- null 
2018-06-24 10:25:29,152 INFO  [Log] Closing the browser 
2018-06-24 10:25:29,152 ERROR [Log] Not able to Close the Browser --- null 
2018-06-24 10:25:29,293 INFO  [Log] XXXXXXXXXXXXXXXXXXXXXXX             -E---N---D-             XXXXXXXXXXXXXXXXXXXXXX 
2018-06-24 10:25:29,293 INFO  [Log] X 
2018-06-24 10:25:29,293 INFO  [Log] X 
2018-06-24 10:25:29,293 INFO  [Log] X 
2018-06-24 10:25:29,293 INFO  [Log] X 
2018-06-24 10:25:36,352 INFO  [Log] **************************************************************************************** 
2018-06-24 10:25:36,353 INFO  [Log] **************************************************************************************** 
2018-06-24 10:25:36,353 INFO  [Log] $$$$$$$$$$$$$$$$$$$$$                 LogIn_01       $$$$$$$$$$$$$$$$$$$$$$$$$ 
2018-06-24 10:25:36,353 INFO  [Log] **************************************************************************************** 
2018-06-24 10:25:36,353 INFO  [Log] **************************************************************************************** 
2018-06-24 10:25:36,355 ERROR [Log] Class Utils | Method getCellData | Exception desc : null 
2018-06-24 10:25:42,404 INFO  [Log] Opening Browser 
2018-06-24 10:25:42,404 INFO  [Log] Not able to open the Browser --- null 
2018-06-24 10:26:03,510 INFO  [Log] **************************************************************************************** 
2018-06-24 10:26:03,511 INFO  [Log] **************************************************************************************** 
2018-06-24 10:26:03,511 INFO  [Log] $$$$$$$$$$$$$$$$$$$$$                 LogIn_01       $$$$$$$$$$$$$$$$$$$$$$$$$ 
2018-06-24 10:26:03,511 INFO  [Log] **************************************************************************************** 
2018-06-24 10:26:03,511 INFO  [Log] **************************************************************************************** 
2018-06-24 10:26:03,514 ERROR [Log] Class Utils | Method getCellData | Exception desc : null 
2018-06-24 10:26:39,899 INFO  [Log] Opening Browser 
2018-06-24 10:26:39,900 INFO  [Log] Not able to open the Browser --- null 
2018-06-24 10:28:57,673 INFO  [Log] **************************************************************************************** 
2018-06-24 10:28:57,674 INFO  [Log] **************************************************************************************** 
2018-06-24 10:28:57,674 INFO  [Log] $$$$$$$$$$$$$$$$$$$$$                 LogIn_01       $$$$$$$$$$$$$$$$$$$$$$$$$ 
2018-06-24 10:28:57,674 INFO  [Log] **************************************************************************************** 
2018-06-24 10:28:57,674 INFO  [Log] **************************************************************************************** 
2018-06-24 10:28:57,676 ERROR [Log] Class Utils | Method getCellData | Exception desc : null 
2018-06-24 10:29:31,736 INFO  [Log] **************************************************************************************** 
2018-06-24 10:29:31,737 INFO  [Log] **************************************************************************************** 
2018-06-24 10:29:31,737 INFO  [Log] $$$$$$$$$$$$$$$$$$$$$                 LogIn_01       $$$$$$$$$$$$$$$$$$$$$$$$$ 
2018-06-24 10:29:31,737 INFO  [Log] **************************************************************************************** 
2018-06-24 10:29:31,737 INFO  [Log] **************************************************************************************** 
2018-06-24 10:29:31,739 ERROR [Log] Class Utils | Method getCellData | Exception desc : null 
2018-06-24 10:30:09,460 INFO  [Log] **************************************************************************************** 
2018-06-24 10:30:09,461 INFO  [Log] **************************************************************************************** 
2018-06-24 10:30:09,461 INFO  [Log] $$$$$$$$$$$$$$$$$$$$$                 LogIn_01       $$$$$$$$$$$$$$$$$$$$$$$$$ 
2018-06-24 10:30:09,461 INFO  [Log] **************************************************************************************** 
2018-06-24 10:30:09,461 INFO  [Log] **************************************************************************************** 
2018-06-24 10:30:09,463 ERROR [Log] Class Utils | Method getCellData | Exception desc : null 
2018-06-24 11:08:46,798 INFO  [Log] **************************************************************************************** 
2018-06-24 11:08:46,799 INFO  [Log] **************************************************************************************** 
2018-06-24 11:08:46,799 INFO  [Log] $$$$$$$$$$$$$$$$$$$$$                 LogIn_01       $$$$$$$$$$$$$$$$$$$$$$$$$ 
2018-06-24 11:08:46,799 INFO  [Log] **************************************************************************************** 
2018-06-24 11:08:46,800 INFO  [Log] **************************************************************************************** 
2018-06-24 13:31:44,554 INFO  [Log] **************************************************************************************** 
2018-06-24 13:31:44,554 INFO  [Log] **************************************************************************************** 
2018-06-24 13:31:44,554 INFO  [Log] $$$$$$$$$$$$$$$$$$$$$                 LogIn_01       $$$$$$$$$$$$$$$$$$$$$$$$$ 
2018-06-24 13:31:44,554 INFO  [Log] **************************************************************************************** 
2018-06-24 13:31:44,554 INFO  [Log] **************************************************************************************** 
2018-06-24 13:31:44,556 ERROR [Log] Class Utils | Method getCellData | Exception desc : null 
2018-06-24 13:31:44,557 INFO  [Log] Opening Browser 
2018-06-24 13:31:48,041 INFO  [Log] Chrome browser started 
2018-06-24 13:31:48,255 INFO  [Log] Navigating to URL 
2018-06-24 13:31:57,297 INFO  [Log] Clicking on Webelement btn_MyAccount 
2018-06-24 13:32:01,254 INFO  [Log] Entering the text in txtbx_UserName 
2018-06-24 13:32:09,640 INFO  [Log] Entering the text in txtbx_Password 
2018-06-24 13:32:09,838 INFO  [Log] Clicking on Webelement btn_LogIn 
2018-06-24 13:32:10,094 INFO  [Log] Wait for 5 seconds 
2018-06-24 13:32:15,193 INFO  [Log] Clicking on Webelement btn_LogOut 
2018-06-24 13:32:25,269 ERROR [Log] Not able to click --- no such element: Unable to locate element: {"method":"xpath","selector":".//*[@id='account_logout']/a"}
  (Session info: chrome=67.0.3396.87)
  (Driver info: chromedriver=2.40.565498 (ea082db3280dd6843ebfb08a625e3eb905c4f5ab),platform=Windows NT 6.1.7601 SP1 x86_64) (WARNING: The server did not provide any stacktrace information)
Command duration or timeout: 0 milliseconds
For documentation on this error, please visit: http://seleniumhq.org/exceptions/no_such_element.html
Build info: version: '3.8.1', revision: '6e95a6684b', time: '2017-12-01T19:05:14.666Z'
System info: host: 'IBM242-PC07HSF0', ip: '192.168.255.12', os.name: 'Windows 7', os.arch: 'amd64', os.version: '6.1', java.version: '1.8.0_73'
Driver info: org.openqa.selenium.chrome.ChromeDriver
Capabilities {acceptInsecureCerts: false, acceptSslCerts: false, applicationCacheEnabled: false, browserConnectionEnabled: false, browserName: chrome, chrome: {chromedriverVersion: 2.40.565498 (ea082db3280dd6..., userDataDir: C:\Users\IBM_AD~1\AppData\L...}, cssSelectorsEnabled: true, databaseEnabled: false, handlesAlerts: true, hasTouchScreen: false, javascriptEnabled: true, locationContextEnabled: true, mobileEmulationEnabled: false, nativeEvents: true, networkConnectionEnabled: false, pageLoadStrategy: normal, platform: XP, platformName: XP, rotatable: false, setWindowRect: true, takesHeapSnapshot: true, takesScreenshot: true, unexpectedAlertBehaviour: , unhandledPromptBehavior: , version: 67.0.3396.87, webStorageEnabled: true}
Session ID: 96ea22ae18fe50cacb194ba8622bbf47
*** Element info: {Using=xpath, value=.//*[@id='account_logout']/a} 
2018-06-24 13:32:25,339 INFO  [Log] Closing the browser 
2018-06-24 13:32:26,283 INFO  [Log] XXXXXXXXXXXXXXXXXXXXXXX             -E---N---D-             XXXXXXXXXXXXXXXXXXXXXX 
2018-06-24 13:32:26,283 INFO  [Log] X 
2018-06-24 13:32:26,283 INFO  [Log] X 
2018-06-24 13:32:26,283 INFO  [Log] X 
2018-06-24 13:32:26,283 INFO  [Log] X 
